x T psc
x res 576 1 1
x init
x font 1 R
x font 2 I
x font 3 B
x font 4 BI
x font 5 H
x font 6 HB
x font 7 C
x font 8 CB
x font 9 S
x font 10 SS
V0
p1
s8
f1
H555
s10
V1603
h2060cB
53Nwh78C\-
w64b40l22o40c36kw60n40u40m62b40e36rw47o40nw60d40i22s31kn96 0
H555
V1511
h2048cF
wh64C\-
wh64Cfi
44l22l22-27o40n40-27d40e36m62a36n40dw60b40i22tn96 0
H555
V1425
h1719cL
49e36g40e36n40d40:w62Vwh78C\-
w64v40a36l22i22dw60b40i22tn96 0
H555
V764
h2621Dl 0 92
n96 0
H555
V798
h2606Dl 14 57
n96 0
H555
V798
h2635Dl -14 57
n96 0
H555
V856
h2488Dl 0 322
n96 0
H555
V1062
h1725cF
wh104c1
n96 0
H555
V970
h2818cV
wh118c0
n96 0
H555
V862
h1659Dl 0 322
n96 0
H555
V970
h2536cV
wh118c0
n96 0
H555
h1718cV
wh118c0
n96 0
H555
V862
h3306Dl 0 322
n96 0
H555
V1154
h1692cB
53Nw789400n96 0
H555
V1137
h3122c-
27-27-n96 0
H555
V867
h2212Dl 0 322
n96 0
H555
V862
h3035Dl 0 322
n96 0
H555
V1148
h1963cB
53Nw784406n96 0
H555
V862
h2759Dl 0 322
n96 0
H555
V1062
h2825cF
wh104c1
n96 0
H555
V1271
h2166Dl -230 0
n96 0
H555
V1256
h1993Dl -57 14
n96 0
H555
V1285
h1993Dl -57 -14
n96 0
H555
V1062
h2272cF
wh104c1
n96 0
H555
V1178
h1526Dl 1929 0
n96 0
H555
V970
h3089cV
wh118c1
n96 0
H555
V1062
h2543cF
wh104c1
n96 0
H555
V970
h2265cV
wh118c0
n96 0
H555
V1148
h2516cB
53Nw784408n96 0
H555
V1287
h2240ck
40l22u40s31t22e36r27e36dw60p40a36g40e36sn96 0
H555
V862
h1521Dl 1929 0
n96 0
H555
V1056
h3122c-
27-27-n96 0
H555
V970
h1994cV
wh118c0
n96 0
H555
V1062
h2001cF
wh104c1
n96 0
H555
V1148
h2798cB
53Nw784409n96 0
H555
h2251cB
53Nw784407n96 0
H555
V862
h1935Dl 0 322
n96 0
H555
V1271
h2805Dl 230 0
n96 0
H555
V1285
h2978Dl 57 -14
n96 0
H555
V1256
h2978Dl 57 14
n96 0
H555
V734
h2470cf
27a36u40l22t22e36dw60p40a36g40en96 0
x trailer
V6336
x stop
