x T psc
x res 576 1 1
x init
x font 1 R
x font 2 I
x font 3 B
x font 4 BI
x font 5 H
x font 6 HB
x font 7 C
x font 8 CB
x font 9 S
x font 10 SS
V0
p1
s10
f1
H555
V1603
h1299cB
53Nwh78C\-
w64b40l22o40c36kw60n40u40m62b40e36rw47o40nw60d40i22s31kn96 0
H555
V1511
h1287cF
wh64C\-
wh64Cfi
44l22l22-27o40n40-27d40e36m62a36n40dw60b40i22tn96 0
H555
V1425
h958cL
49e36g40e36n40d40:w62Vwh78C\-
w64v40a36l22i22dw60b40i22tn96 0
H555
V764
h1860Dl 0 92
n96 0
H555
V798
h1845Dl 14 57
n96 0
H555
V798
h1874Dl -14 57
n96 0
H555
V856
h1727Dl 0 322
n96 0
H555
V1062
h964cF
wh104c1
n96 0
H555
V970
h2057cV
wh118c0
n96 0
H555
V862
h898Dl 0 322
n96 0
H555
V970
h1775cV
wh118c0
n96 0
H555
h957cV
wh118c0
n96 0
H555
V862
h2545Dl 0 322
n96 0
H555
V1154
h931cB
53Nw789400n96 0
H555
V1137
h2361c-
27-27-n96 0
H555
V867
h1451Dl 0 322
n96 0
H555
V862
h2274Dl 0 322
n96 0
H555
V1148
h1202cB
53Nw784406n96 0
H555
V862
h1998Dl 0 322
n96 0
H555
V1062
h2064cF
wh104c1
n96 0
H555
V1271
h1405Dl -230 0
n96 0
H555
V1256
h1232Dl -57 14
n96 0
H555
V1285
h1232Dl -57 -14
n96 0
H555
V1062
h1511cF
wh104c1
n96 0
H555
V1178
h765Dl 1929 0
n96 0
H555
V970
h2328cV
wh118c1
n96 0
H555
V1062
h1782cF
wh104c1
n96 0
H555
V970
h1504cV
wh118c0
n96 0
H555
V1148
h1755cB
53Nw784408n96 0
H555
V1287
h1479ck
40l22u40s31t22e36r27e36dw60p40a36g40e36sn96 0
H555
V862
h760Dl 1929 0
n96 0
H555
V1056
h2361c-
27-27-n96 0
H555
V970
h1233cV
wh118c0
n96 0
H555
V1062
h1240cF
wh104c1
n96 0
H555
V1148
h2037cB
53Nw784409n96 0
H555
h1490cB
53Nw784407n96 0
H555
V862
h1174Dl 0 322
n96 0
H555
V1271
h2044Dl 230 0
n96 0
H555
V1285
h2217Dl 57 -14
n96 0
H555
V1256
h2217Dl 57 14
n96 0
H555
V734
h1709cf
27a36u40l22t22e36dw60p40a36g40en96 0
x trailer
V6336
x stop
