Log of termcap changes -- most recent last.

#	@(#)Log	1.2	(Berkeley)	10/17/87

Date		Term		What
-------------------------------------------------------------------------------
12-17-86	ibm3161		installed entry from cfc termcap
-------------------------------------------------------------------------------
12-17-86	ibm3163		installed entry from cfc termcap
-------------------------------------------------------------------------------
12-17-86	morrow mt70	installed entry from cfc termcap
-------------------------------------------------------------------------------
12-17-86	modgraph2	installed entry from keith bostic 
-------------------------------------------------------------------------------
12-17-86	wyse75		fixed is string as per keith bostic's mail
-------------------------------------------------------------------------------
12-17-86	qume102		removed ul field from entries with us and
		falco-p		ue strings as per greg couch's mail
		tek4015
		tek4107
		c108-4p
		avt
		concept
		tvi925a
		apollo
		aaa-unk
-------------------------------------------------------------------------------
12-17-86	h1500		added hz field as per mail from muller@sdcsvax
-------------------------------------------------------------------------------
12-17-86	h1510		added hz field as per mail from muller@sdcsvax
-------------------------------------------------------------------------------
12-17-86	vt100-am	changed padding in sf and sr fields from
				5 to 2*
-------------------------------------------------------------------------------
12-17-86	dg450		installed entry from jqj@wayback.cs.cornell
-------------------------------------------------------------------------------
12-17-86	dg200		installed entry from jqj@wayback.cs.cornell
-------------------------------------------------------------------------------
12-17-86	adds viewpoint	installed entry from jqj@wayback.cs.cornell
		90
-------------------------------------------------------------------------------
12-17-86	iris40		installed entry from moreton@degas
-------------------------------------------------------------------------------
1-13-87		kermits		swapped 2nd and 3rd name fields at request of
				greg small
-------------------------------------------------------------------------------
Maintenance taken over by John Kunze
-------------------------------------------------------------------------------
4-09-87		vp90		removed cr=^M (Keith Bostic)
-------------------------------------------------------------------------------
4-10-87		xterm		added scrolling region (Keith Bostic)
-------------------------------------------------------------------------------
4-29-87		ifmr		new entry:  Informer D304 from unllab@amber
-------------------------------------------------------------------------------
4-29-87		tvi950		made it set tabs and keep the status line
-------------------------------------------------------------------------------
9-17-87		wyse50-s	added missing :\ at end of line 1 (Erik Fair)
-------------------------------------------------------------------------------
9-18-87		pc7300 (3b1)	new entry:  AT&T 3b1 (Tim Maher, cstim@violet)
-------------------------------------------------------------------------------
9-18-87		vt125		added cr & nl delays to fix buffer overflow
				problems (Stewart Levin, stew@mazama)
-------------------------------------------------------------------------------
9-22-87		apollo_15P	new entries (Gary Darland, goodmanc@garnet)
		apollo_19L
		apollo_color
-------------------------------------------------------------------------------
9-22-87		tty5410		new entries for AT&T terminals (Marcio de
		tty5420		Carvalho, carvalho@kepler.berkeley.edu)
		tty5425
		tty4420
		pc6300plus	(integrated with earlier pc7300 addition)
		tty610
-------------------------------------------------------------------------------
9-30-87		c100		added two nulls in :is after entering char mode
		c100-rv		and after setting full duplex (Harald Schaefer,
		c100-rv-pp	princeton!siemens!gypsy!hasch@rutgers.edu)
-------------------------------------------------------------------------------
9-30-87		8675, 8686	new entries for Beehive's Harris terminals
		bee		(Cyrus Rahman, decvax!mcnc!dukempd.uucp!cr)
-------------------------------------------------------------------------------
9-30-87		uniterm		new entry for Atari uniterm VT220 (aoki@ucbvax)
-------------------------------------------------------------------------------
9-30-87		dg460-ansi	new entry (David Muir Sharnoff, muir@cogsci)
-------------------------------------------------------------------------------
9-30-87		wyse60		new entry (io!puppy!kimbo%ileaf.uucp ...
					%umb.umb.edu@relay.cs.net)
-------------------------------------------------------------------------------
10-1-87		tek4125		fixed bug in hardcopy interface setting
-------------------------------------------------------------------------------
10-1-87		qdss		new - with :cm (Marc Teitelbaum, marc@okeeffe)
-------------------------------------------------------------------------------
10-8-87		tvi910		new vanilla 910 (Warren Gish, cswarren@violet)
-------------------------------------------------------------------------------
10-9-87		vt102		renamed old one vt102-obs, due to complaints,
		vt102-obs	but didn't remove since going on hear-say
-------------------------------------------------------------------------------
10-13-87	tvi920c		:tc=912 now - avoids double indirect thru 912b
-------------------------------------------------------------------------------
10-13-87	xterm		removed extra : hiding :rs, added X10 changes,
				minus alt screen, leaving change scroll region
-------------------------------------------------------------------------------
10-16-87	I? -> Z?	2-letter code I? now means IBM, new Z? for misc
-------------------------------------------------------------------------------
10-16-87	ibmapa16	new entries for the IBM RT/PC (from ACIS 4.3)
		ibmapa8c	(they are for when your windows get wedged)
		ibmapa8c-c
		ibmmono
-------------------------------------------------------------------------------
10-17-87	tvi912-2p	removed final \ (after :tc=)
		aaa-29-np	entry removed -- :tc ref'd non-existent entry
-------------------------------------------------------------------------------
10-17-87	vc404-s-na	fixed :tc fields to point to real entries
		tek4015-sm
		c108-rv-na
		mime-3ax
