cc -O -c checkuse.c
cc -O -c delimfields.c
cc -O -c getstop.c
cc -O -c globals.c
cc -O -c horlines.c
cc -O -c intersect.c
cc -O -c io.c
cc -O -c main.c
cc -O -c maktab.c
cc -O -c misc.c
cc -O -c numfields.c
cc -O -c options.c
cc -O -c over200.c
cc -O -c rdata.c
cc -O -c savrstor.c
cc -O -c specs.c
cc -O -c subr.c
cc -O -c textblocks.c
cc -O -c vertlines.c
cc -O -c write1line.c
cc -O -c writecntl.c
cc -O -o tbl checkuse.o delimfields.o getstop.o globals.o horlines.o  intersect.o io.o main.o maktab.o misc.o numfields.o options.o  over200.o rdata.o savrstor.o specs.o subr.o textblocks.o  vertlines.o write1line.o writecntl.o
