x T psc
x res 576 1 1
x init
V0
p1
x font 1 R
x font 2 I
x font 3 B
x font 4 BI
x font 5 H
x font 6 HB
x font 7 C
x font 8 CB
x font 9 S
x font 10 SS
s10
f1
H576
f2
s7
V216
34ih20Ceq
f1
310s15
V160
H614
C*S
V32
H575
x X p36
x X p24
x X p95.00
x X p100.00
x X p185.00
x X p160.00
x X pstartFig
x X f/usr/src/local/local/psfig/tst/../doc/figs/pretzel.ps
x X pendFig
f2
s10
V136
49xV80
h45x X p36
x X p24
x X p95.00
x X p100.00
x X p185.00
x X p160.00
x X pstartFig
x X f/usr/src/local/local/psfig/tst/../doc/figs/pretzel.ps
x X pendFig
V136
h55Ceq
f1
572f2
40s31i22nf1
53(V102
h27x X p52
x X p34
x X p95.00
x X p100.00
x X p185.00
x X p160.00
x X pstartFig
x X f/usr/src/local/local/psfig/tst/../doc/figs/pretzel.ps
x X pendFig
V136
52)n136 64
H576
f2
s7
V416
ci
h20Ceq
f1
310s15
V360
H580
C*S
f2
s7
V256
23xs10
V336
65xs7
V304
45xw39k25u28lw30xs10
V336
h44Ceq
f1
572f2
40s31i22nf1
53(f2
27xw56k36u40lw42xf1
36)n136 64
x trailer
V6336
x stop
