x T ip
x res 240 1 1
x init
x font 1 R
x font 2 I
x font 3 B
x font 4 S
x font 5 BS
x font 6 MS
x font 7 as
x font 8 CW
x font 9 BI
x font 10 BT
x font 11 Bp
x font 12 Bs
x font 13 CI
x font 14 CS
x font 15 F
x font 16 T
x font 17 d
x font 18 f
x font 19 n
x font 20 ni
x font 21 p
x font 22 s
x font 23 sl
x font 24 sp
x font 25 ti
x font 26 u
V0
p1
s10
f1
H232
n40 0
H232
V1656
h888Dg 66 17 66 -17 -66 -16 -66 16
n40 0
H232
V1621
h1767cc
15u18r13v18e15sn40 0
H232
49c15u18r13v18e15sn40 0
H232
V708
h709cS
18o17m28ew26T24e15x17tw24P22o17s13i09t13i09o17n18i09n18gw28E22x17a17m28p18l09e15s13:n40 0
H232
V1656
Dt 1
n40 0
H232
V1557
h967Dc 41
n40 0
H232
h900Dc 41
n40 0
H232
Dt 3
n40 0
H232
V1607
h826Dc 257
n40 0
H232
f2
V1148
h933ca
18r14r14o16w24sn40 0
H232
V1142
h859Dl 20 13
Dl -8 -13
Dl 8 -12
Dl -20 12
n40 0
H232
V1138
h1120Dl -21 -12
Dl 9 12
Dl -9 12
Dl 21 -12
n40 0
H232
V1209
h987Dl 13 -21
Dl -13 8
Dl -12 -8
Dl 12 21
n40 0
H232
V1076
h983Dl -12 21
Dl 12 -9
Dl 13 9
Dl -13 -21
n40 0
H232
f1
s24
V1275
h1293cd
44e35f26a40u44l22tw57s31i22z35ew613n40 0
H232
s16
V1171
h1450cd
29e24f18a26u29l14tw38s20i14z24ew422n40 0
H232
s10
V1076
h1554cd
18e15f11a17u18l09tw24s13i09z15ew261n40 0
H232
V1316
h249c(
11d18e15f11a17u18l09tw24s13p18e15c15i09a17lw20f11o17n18t13)n40 0
H232
f4
s16
V1271
h158cd
31e31f31a31u31l31tw49s31p31e31c31i31a31lw49f31o31n31tn40 0
H232
f2
V1204
h154cd
28e23f24a28u30l16tw37I22t19a28l16i19cw41f24o26n32tn40 0
H232
f3
V1138
h154cd
34e27f20a30u34l17tw44B40o30l17dw54f20o30n34tn40 0
H232
f1
V1076
h154cd
29e24f18a26u29l14tw38R38o26m44a26nw47f18o26n29tn40 0
H232
V943
h755Dl 0 -195
Dl 398 0
Dl 0 195
Dl -398 0
n40 0
H232
V939
h224Dl 0 -195
Dl 398 0
Dl 0 195
Dl -398 0
n40 0
H232
h1286Dl 0 -195
Dl 398 0
Dl 0 195
Dl -398 0
n40 0
H232
s10
V571
h1724cs
13o17l09i09dw29l09i09n18en40 0
H232
V576
h1388cs
13o17l09i09dw29l09i09n18en40 0
H232
V571
h1056cs
13o17l09i09dw29l09i09n18en40 0
H232
V530
h1747ct
13h18i09c15kn40 0
H232
h1394cm
28e15d18i09u18mn40 0
H232
h1069cn
18a17r13r13o17wn40 0
H232
V551
h712cb
18r13o17k18e15nw29l09i09n18en40 0
H232
V555
h376cd
18a17s13h18e15dw29l09i09n18en40 0
H232
55d18o17t13t13e15dw29l09i09n18en40 0
H232
V939
Dt 5
n40 0
H232
V611
h1659Dl 0 -128
Dl 261 0
Dl 0 128
Dl -261 0
n40 0
H232
Dt 3
n40 0
H232
V607
h1327Dl 0 -128
Dl 262 0
Dl 0 128
Dl -262 0
n40 0
H232
Dt 1
n40 0
H232
V611
h996Dl 0 -128
Dl 261 0
Dl 0 128
Dl -261 0
n40 0
H232
Ds 20
n40 0
H232
h664Dl 0 -128
Dl 261 0
Dl 0 128
Dl -261 0
n40 0
H232
Ds 16
n40 0
H232
h332Dl 0 -128
Dl 261 0
Dl 0 128
Dl -261 0
n40 0
H232
Ds 4
n40 0
H232
Dl 0 -128
Dl 262 0
Dl 0 128
Dl -262 0
n40 0
H232
Ds -1
Dt 3
n40 0
H232
V379
h224Dl 1439 0
n40 0
H232
f3
s36
V331
H230
cG
h106cR
99E91Mh122cL
84I45Nwh151cP
91I45C99T99U99R99Ewh136cE
91D99I45T99Oh106cR
n40 0
H232
V1607
h158Dg 66 -67 67 133 66 -133 66 133 67 -116 66 83 66 -67 67 34
n40 0
H232
h1750Dg -66 -67 -66 133 -67 -133 -66 133 -66 -116 -67 83 -66 -67 -67 34
n40 0
H232
f2
s10
V927
h241cl
10e14f15t12,w20b14o16t12t12o16mn40 0
H232
V858
h895cc
14e14n20t12e14r14e14dn40 0
H232
V772
h1547ct
12o16p17,w20r14i12g15h19tn40 0
H232
f1
s36
V1408
h1065cd
66e53f40a59u66l32tw86s46i32z53ew934n40 0
H232
V1735
Dt 3
Ds -1
n40 0
x trailer
V2640
x stop
